<?xml version="1.0" encoding="UTF-8"?>
<testsuite xmlns:xsi="http://www.w3.org/2001/XMLSchema-instance" xsi:noNamespaceSchemaLocation="https://maven.apache.org/surefire/maven-surefire-plugin/xsd/surefire-test-report.xsd" version="3.0.2" name="com.example.mongo.backend.NfcRentalApplicationTests" time="3.922" tests="1" errors="0" skipped="0" failures="0">
  <properties>
    <property name="java.specification.version" value="17"/>
    <property name="sun.jnu.encoding" value="UTF-8"/>
    <property name="java.class.path" value="/home/yoshwa/Downloads/nfc-rental (5)/nfc-rental/target/test-classes:/home/yoshwa/Downloads/nfc-rental (5)/nfc-rental/target/classes:/home/yoshwa/.m2/repository/org/springframework/boot/spring-boot-starter-data-mongodb/3.4.2/spring-boot-starter-data-mongodb-3.4.2.jar:/home/yoshwa/.m2/repository/org/springframework/boot/spring-boot-starter/3.4.2/spring-boot-starter-3.4.2.jar:/home/yoshwa/.m2/repository/org/springframework/boot/spring-boot/3.4.2/spring-boot-3.4.2.jar:/home/yoshwa/.m2/repository/org/springframework/boot/spring-boot-autoconfigure/3.4.2/spring-boot-autoconfigure-3.4.2.jar:/home/yoshwa/.m2/repository/org/springframework/boot/spring-boot-starter-logging/3.4.2/spring-boot-starter-logging-3.4.2.jar:/home/yoshwa/.m2/repository/ch/qos/logback/logback-classic/1.5.16/logback-classic-1.5.16.jar:/home/yoshwa/.m2/repository/ch/qos/logback/logback-core/1.5.16/logback-core-1.5.16.jar:/home/yoshwa/.m2/repository/org/apache/logging/log4j/log4j-to-slf4j/2.24.3/log4j-to-slf4j-2.24.3.jar:/home/yoshwa/.m2/repository/org/apache/logging/log4j/log4j-api/2.24.3/log4j-api-2.24.3.jar:/home/yoshwa/.m2/repository/org/slf4j/jul-to-slf4j/2.0.16/jul-to-slf4j-2.0.16.jar:/home/yoshwa/.m2/repository/jakarta/annotation/jakarta.annotation-api/2.1.1/jakarta.annotation-api-2.1.1.jar:/home/yoshwa/.m2/repository/org/yaml/snakeyaml/2.3/snakeyaml-2.3.jar:/home/yoshwa/.m2/repository/org/mongodb/mongodb-driver-sync/5.2.1/mongodb-driver-sync-5.2.1.jar:/home/yoshwa/.m2/repository/org/mongodb/bson/5.2.1/bson-5.2.1.jar:/home/yoshwa/.m2/repository/org/mongodb/mongodb-driver-core/5.2.1/mongodb-driver-core-5.2.1.jar:/home/yoshwa/.m2/repository/org/mongodb/bson-record-codec/5.2.1/bson-record-codec-5.2.1.jar:/home/yoshwa/.m2/repository/org/springframework/data/spring-data-mongodb/4.4.2/spring-data-mongodb-4.4.2.jar:/home/yoshwa/.m2/repository/org/springframework/spring-tx/6.2.2/spring-tx-6.2.2.jar:/home/yoshwa/.m2/repository/org/springframework/spring-context/6.2.2/spring-context-6.2.2.jar:/home/yoshwa/.m2/repository/org/springframework/spring-beans/6.2.2/spring-beans-6.2.2.jar:/home/yoshwa/.m2/repository/org/springframework/spring-expression/6.2.2/spring-expression-6.2.2.jar:/home/yoshwa/.m2/repository/org/springframework/data/spring-data-commons/3.4.2/spring-data-commons-3.4.2.jar:/home/yoshwa/.m2/repository/org/slf4j/slf4j-api/2.0.16/slf4j-api-2.0.16.jar:/home/yoshwa/.m2/repository/org/springframework/boot/spring-boot-starter-web/3.4.2/spring-boot-starter-web-3.4.2.jar:/home/yoshwa/.m2/repository/org/springframework/boot/spring-boot-starter-json/3.4.2/spring-boot-starter-json-3.4.2.jar:/home/yoshwa/.m2/repository/com/fasterxml/jackson/core/jackson-databind/2.18.2/jackson-databind-2.18.2.jar:/home/yoshwa/.m2/repository/com/fasterxml/jackson/core/jackson-annotations/2.18.2/jackson-annotations-2.18.2.jar:/home/yoshwa/.m2/repository/com/fasterxml/jackson/core/jackson-core/2.18.2/jackson-core-2.18.2.jar:/home/yoshwa/.m2/repository/com/fasterxml/jackson/datatype/jackson-datatype-jdk8/2.18.2/jackson-datatype-jdk8-2.18.2.jar:/home/yoshwa/.m2/repository/com/fasterxml/jackson/datatype/jackson-datatype-jsr310/2.18.2/jackson-datatype-jsr310-2.18.2.jar:/home/yoshwa/.m2/repository/com/fasterxml/jackson/module/jackson-module-parameter-names/2.18.2/jackson-module-parameter-names-2.18.2.jar:/home/yoshwa/.m2/repository/org/springframework/boot/spring-boot-starter-tomcat/3.4.2/spring-boot-starter-tomcat-3.4.2.jar:/home/yoshwa/.m2/repository/org/apache/tomcat/embed/tomcat-embed-core/10.1.34/tomcat-embed-core-10.1.34.jar:/home/yoshwa/.m2/repository/org/apache/tomcat/embed/tomcat-embed-el/10.1.34/tomcat-embed-el-10.1.34.jar:/home/yoshwa/.m2/repository/org/apache/tomcat/embed/tomcat-embed-websocket/10.1.34/tomcat-embed-websocket-10.1.34.jar:/home/yoshwa/.m2/repository/org/springframework/spring-web/6.2.2/spring-web-6.2.2.jar:/home/yoshwa/.m2/repository/io/micrometer/micrometer-observation/1.14.3/micrometer-observation-1.14.3.jar:/home/yoshwa/.m2/repository/io/micrometer/micrometer-commons/1.14.3/micrometer-commons-1.14.3.jar:/home/yoshwa/.m2/repository/org/springframework/spring-webmvc/6.2.2/spring-webmvc-6.2.2.jar:/home/yoshwa/.m2/repository/org/springframework/spring-aop/6.2.2/spring-aop-6.2.2.jar:/home/yoshwa/.m2/repository/io/github/berthax/qr-code-autoconfigure/1.0.4/qr-code-autoconfigure-1.0.4.jar:/home/yoshwa/.m2/repository/com/google/zxing/core/3.5.0/core-3.5.0.jar:/home/yoshwa/.m2/repository/com/google/zxing/javase/3.5.0/javase-3.5.0.jar:/home/yoshwa/.m2/repository/com/beust/jcommander/1.82/jcommander-1.82.jar:/home/yoshwa/.m2/repository/com/github/jai-imageio/jai-imageio-core/1.4.0/jai-imageio-core-1.4.0.jar:/home/yoshwa/.m2/repository/org/springframework/boot/spring-boot-starter-test/3.4.2/spring-boot-starter-test-3.4.2.jar:/home/yoshwa/.m2/repository/org/springframework/boot/spring-boot-test/3.4.2/spring-boot-test-3.4.2.jar:/home/yoshwa/.m2/repository/org/springframework/boot/spring-boot-test-autoconfigure/3.4.2/spring-boot-test-autoconfigure-3.4.2.jar:/home/yoshwa/.m2/repository/com/jayway/jsonpath/json-path/2.9.0/json-path-2.9.0.jar:/home/yoshwa/.m2/repository/jakarta/xml/bind/jakarta.xml.bind-api/4.0.2/jakarta.xml.bind-api-4.0.2.jar:/home/yoshwa/.m2/repository/jakarta/activation/jakarta.activation-api/2.1.3/jakarta.activation-api-2.1.3.jar:/home/yoshwa/.m2/repository/net/minidev/json-smart/2.5.1/json-smart-2.5.1.jar:/home/yoshwa/.m2/repository/net/minidev/accessors-smart/2.5.1/accessors-smart-2.5.1.jar:/home/yoshwa/.m2/repository/org/ow2/asm/asm/9.6/asm-9.6.jar:/home/yoshwa/.m2/repository/org/assertj/assertj-core/3.26.3/assertj-core-3.26.3.jar:/home/yoshwa/.m2/repository/net/bytebuddy/byte-buddy/1.15.11/byte-buddy-1.15.11.jar:/home/yoshwa/.m2/repository/org/awaitility/awaitility/4.2.2/awaitility-4.2.2.jar:/home/yoshwa/.m2/repository/org/hamcrest/hamcrest/2.2/hamcrest-2.2.jar:/home/yoshwa/.m2/repository/org/junit/jupiter/junit-jupiter/5.11.4/junit-jupiter-5.11.4.jar:/home/yoshwa/.m2/repository/org/junit/jupiter/junit-jupiter-api/5.11.4/junit-jupiter-api-5.11.4.jar:/home/yoshwa/.m2/repository/org/opentest4j/opentest4j/1.3.0/opentest4j-1.3.0.jar:/home/yoshwa/.m2/repository/org/junit/platform/junit-platform-commons/1.11.4/junit-platform-commons-1.11.4.jar:/home/yoshwa/.m2/repository/org/apiguardian/apiguardian-api/1.1.2/apiguardian-api-1.1.2.jar:/home/yoshwa/.m2/repository/org/junit/jupiter/junit-jupiter-params/5.11.4/junit-jupiter-params-5.11.4.jar:/home/yoshwa/.m2/repository/org/junit/jupiter/junit-jupiter-engine/5.11.4/junit-jupiter-engine-5.11.4.jar:/home/yoshwa/.m2/repository/org/junit/platform/junit-platform-engine/1.11.4/junit-platform-engine-1.11.4.jar:/home/yoshwa/.m2/repository/org/mockito/mockito-core/5.14.2/mockito-core-5.14.2.jar:/home/yoshwa/.m2/repository/net/bytebuddy/byte-buddy-agent/1.15.11/byte-buddy-agent-1.15.11.jar:/home/yoshwa/.m2/repository/org/objenesis/objenesis/3.3/objenesis-3.3.jar:/home/yoshwa/.m2/repository/org/mockito/mockito-junit-jupiter/5.14.2/mockito-junit-jupiter-5.14.2.jar:/home/yoshwa/.m2/repository/org/skyscreamer/jsonassert/1.5.3/jsonassert-1.5.3.jar:/home/yoshwa/.m2/repository/com/vaadin/external/google/android-json/0.0.20131108.vaadin1/android-json-0.0.20131108.vaadin1.jar:/home/yoshwa/.m2/repository/org/springframework/spring-core/6.2.2/spring-core-6.2.2.jar:/home/yoshwa/.m2/repository/org/springframework/spring-jcl/6.2.2/spring-jcl-6.2.2.jar:/home/yoshwa/.m2/repository/org/springframework/spring-test/6.2.2/spring-test-6.2.2.jar:/home/yoshwa/.m2/repository/org/xmlunit/xmlunit-core/2.10.0/xmlunit-core-2.10.0.jar:"/>
    <property name="java.vm.vendor" value="Ubuntu"/>
    <property name="sun.arch.data.model" value="64"/>
    <property name="java.vendor.url" value="https://ubuntu.com/"/>
    <property name="user.timezone" value="Asia/Kolkata"/>
    <property name="os.name" value="Linux"/>
    <property name="java.vm.specification.version" value="17"/>
    <property name="APPLICATION_NAME" value="testing"/>
    <property name="sun.java.launcher" value="SUN_STANDARD"/>
    <property name="user.country" value="US"/>
    <property name="sun.boot.library.path" value="/usr/lib/jvm/java-17-openjdk-amd64/lib"/>
    <property name="sun.java.command" value="/home/yoshwa/Downloads/nfc-rental (5)/nfc-rental/target/surefire/surefirebooter-20250211002421368_3.jar /home/yoshwa/Downloads/nfc-rental (5)/nfc-rental/target/surefire 2025-02-11T00-24-21_261-jvmRun1 surefire-20250211002421368_1tmp surefire_0-20250211002421368_2tmp"/>
    <property name="jdk.debug" value="release"/>
    <property name="surefire.test.class.path" value="/home/yoshwa/Downloads/nfc-rental (5)/nfc-rental/target/test-classes:/home/yoshwa/Downloads/nfc-rental (5)/nfc-rental/target/classes:/home/yoshwa/.m2/repository/org/springframework/boot/spring-boot-starter-data-mongodb/3.4.2/spring-boot-starter-data-mongodb-3.4.2.jar:/home/yoshwa/.m2/repository/org/springframework/boot/spring-boot-starter/3.4.2/spring-boot-starter-3.4.2.jar:/home/yoshwa/.m2/repository/org/springframework/boot/spring-boot/3.4.2/spring-boot-3.4.2.jar:/home/yoshwa/.m2/repository/org/springframework/boot/spring-boot-autoconfigure/3.4.2/spring-boot-autoconfigure-3.4.2.jar:/home/yoshwa/.m2/repository/org/springframework/boot/spring-boot-starter-logging/3.4.2/spring-boot-starter-logging-3.4.2.jar:/home/yoshwa/.m2/repository/ch/qos/logback/logback-classic/1.5.16/logback-classic-1.5.16.jar:/home/yoshwa/.m2/repository/ch/qos/logback/logback-core/1.5.16/logback-core-1.5.16.jar:/home/yoshwa/.m2/repository/org/apache/logging/log4j/log4j-to-slf4j/2.24.3/log4j-to-slf4j-2.24.3.jar:/home/yoshwa/.m2/repository/org/apache/logging/log4j/log4j-api/2.24.3/log4j-api-2.24.3.jar:/home/yoshwa/.m2/repository/org/slf4j/jul-to-slf4j/2.0.16/jul-to-slf4j-2.0.16.jar:/home/yoshwa/.m2/repository/jakarta/annotation/jakarta.annotation-api/2.1.1/jakarta.annotation-api-2.1.1.jar:/home/yoshwa/.m2/repository/org/yaml/snakeyaml/2.3/snakeyaml-2.3.jar:/home/yoshwa/.m2/repository/org/mongodb/mongodb-driver-sync/5.2.1/mongodb-driver-sync-5.2.1.jar:/home/yoshwa/.m2/repository/org/mongodb/bson/5.2.1/bson-5.2.1.jar:/home/yoshwa/.m2/repository/org/mongodb/mongodb-driver-core/5.2.1/mongodb-driver-core-5.2.1.jar:/home/yoshwa/.m2/repository/org/mongodb/bson-record-codec/5.2.1/bson-record-codec-5.2.1.jar:/home/yoshwa/.m2/repository/org/springframework/data/spring-data-mongodb/4.4.2/spring-data-mongodb-4.4.2.jar:/home/yoshwa/.m2/repository/org/springframework/spring-tx/6.2.2/spring-tx-6.2.2.jar:/home/yoshwa/.m2/repository/org/springframework/spring-context/6.2.2/spring-context-6.2.2.jar:/home/yoshwa/.m2/repository/org/springframework/spring-beans/6.2.2/spring-beans-6.2.2.jar:/home/yoshwa/.m2/repository/org/springframework/spring-expression/6.2.2/spring-expression-6.2.2.jar:/home/yoshwa/.m2/repository/org/springframework/data/spring-data-commons/3.4.2/spring-data-commons-3.4.2.jar:/home/yoshwa/.m2/repository/org/slf4j/slf4j-api/2.0.16/slf4j-api-2.0.16.jar:/home/yoshwa/.m2/repository/org/springframework/boot/spring-boot-starter-web/3.4.2/spring-boot-starter-web-3.4.2.jar:/home/yoshwa/.m2/repository/org/springframework/boot/spring-boot-starter-json/3.4.2/spring-boot-starter-json-3.4.2.jar:/home/yoshwa/.m2/repository/com/fasterxml/jackson/core/jackson-databind/2.18.2/jackson-databind-2.18.2.jar:/home/yoshwa/.m2/repository/com/fasterxml/jackson/core/jackson-annotations/2.18.2/jackson-annotations-2.18.2.jar:/home/yoshwa/.m2/repository/com/fasterxml/jackson/core/jackson-core/2.18.2/jackson-core-2.18.2.jar:/home/yoshwa/.m2/repository/com/fasterxml/jackson/datatype/jackson-datatype-jdk8/2.18.2/jackson-datatype-jdk8-2.18.2.jar:/home/yoshwa/.m2/repository/com/fasterxml/jackson/datatype/jackson-datatype-jsr310/2.18.2/jackson-datatype-jsr310-2.18.2.jar:/home/yoshwa/.m2/repository/com/fasterxml/jackson/module/jackson-module-parameter-names/2.18.2/jackson-module-parameter-names-2.18.2.jar:/home/yoshwa/.m2/repository/org/springframework/boot/spring-boot-starter-tomcat/3.4.2/spring-boot-starter-tomcat-3.4.2.jar:/home/yoshwa/.m2/repository/org/apache/tomcat/embed/tomcat-embed-core/10.1.34/tomcat-embed-core-10.1.34.jar:/home/yoshwa/.m2/repository/org/apache/tomcat/embed/tomcat-embed-el/10.1.34/tomcat-embed-el-10.1.34.jar:/home/yoshwa/.m2/repository/org/apache/tomcat/embed/tomcat-embed-websocket/10.1.34/tomcat-embed-websocket-10.1.34.jar:/home/yoshwa/.m2/repository/org/springframework/spring-web/6.2.2/spring-web-6.2.2.jar:/home/yoshwa/.m2/repository/io/micrometer/micrometer-observation/1.14.3/micrometer-observation-1.14.3.jar:/home/yoshwa/.m2/repository/io/micrometer/micrometer-commons/1.14.3/micrometer-commons-1.14.3.jar:/home/yoshwa/.m2/repository/org/springframework/spring-webmvc/6.2.2/spring-webmvc-6.2.2.jar:/home/yoshwa/.m2/repository/org/springframework/spring-aop/6.2.2/spring-aop-6.2.2.jar:/home/yoshwa/.m2/repository/io/github/berthax/qr-code-autoconfigure/1.0.4/qr-code-autoconfigure-1.0.4.jar:/home/yoshwa/.m2/repository/com/google/zxing/core/3.5.0/core-3.5.0.jar:/home/yoshwa/.m2/repository/com/google/zxing/javase/3.5.0/javase-3.5.0.jar:/home/yoshwa/.m2/repository/com/beust/jcommander/1.82/jcommander-1.82.jar:/home/yoshwa/.m2/repository/com/github/jai-imageio/jai-imageio-core/1.4.0/jai-imageio-core-1.4.0.jar:/home/yoshwa/.m2/repository/org/springframework/boot/spring-boot-starter-test/3.4.2/spring-boot-starter-test-3.4.2.jar:/home/yoshwa/.m2/repository/org/springframework/boot/spring-boot-test/3.4.2/spring-boot-test-3.4.2.jar:/home/yoshwa/.m2/repository/org/springframework/boot/spring-boot-test-autoconfigure/3.4.2/spring-boot-test-autoconfigure-3.4.2.jar:/home/yoshwa/.m2/repository/com/jayway/jsonpath/json-path/2.9.0/json-path-2.9.0.jar:/home/yoshwa/.m2/repository/jakarta/xml/bind/jakarta.xml.bind-api/4.0.2/jakarta.xml.bind-api-4.0.2.jar:/home/yoshwa/.m2/repository/jakarta/activation/jakarta.activation-api/2.1.3/jakarta.activation-api-2.1.3.jar:/home/yoshwa/.m2/repository/net/minidev/json-smart/2.5.1/json-smart-2.5.1.jar:/home/yoshwa/.m2/repository/net/minidev/accessors-smart/2.5.1/accessors-smart-2.5.1.jar:/home/yoshwa/.m2/repository/org/ow2/asm/asm/9.6/asm-9.6.jar:/home/yoshwa/.m2/repository/org/assertj/assertj-core/3.26.3/assertj-core-3.26.3.jar:/home/yoshwa/.m2/repository/net/bytebuddy/byte-buddy/1.15.11/byte-buddy-1.15.11.jar:/home/yoshwa/.m2/repository/org/awaitility/awaitility/4.2.2/awaitility-4.2.2.jar:/home/yoshwa/.m2/repository/org/hamcrest/hamcrest/2.2/hamcrest-2.2.jar:/home/yoshwa/.m2/repository/org/junit/jupiter/junit-jupiter/5.11.4/junit-jupiter-5.11.4.jar:/home/yoshwa/.m2/repository/org/junit/jupiter/junit-jupiter-api/5.11.4/junit-jupiter-api-5.11.4.jar:/home/yoshwa/.m2/repository/org/opentest4j/opentest4j/1.3.0/opentest4j-1.3.0.jar:/home/yoshwa/.m2/repository/org/junit/platform/junit-platform-commons/1.11.4/junit-platform-commons-1.11.4.jar:/home/yoshwa/.m2/repository/org/apiguardian/apiguardian-api/1.1.2/apiguardian-api-1.1.2.jar:/home/yoshwa/.m2/repository/org/junit/jupiter/junit-jupiter-params/5.11.4/junit-jupiter-params-5.11.4.jar:/home/yoshwa/.m2/repository/org/junit/jupiter/junit-jupiter-engine/5.11.4/junit-jupiter-engine-5.11.4.jar:/home/yoshwa/.m2/repository/org/junit/platform/junit-platform-engine/1.11.4/junit-platform-engine-1.11.4.jar:/home/yoshwa/.m2/repository/org/mockito/mockito-core/5.14.2/mockito-core-5.14.2.jar:/home/yoshwa/.m2/repository/net/bytebuddy/byte-buddy-agent/1.15.11/byte-buddy-agent-1.15.11.jar:/home/yoshwa/.m2/repository/org/objenesis/objenesis/3.3/objenesis-3.3.jar:/home/yoshwa/.m2/repository/org/mockito/mockito-junit-jupiter/5.14.2/mockito-junit-jupiter-5.14.2.jar:/home/yoshwa/.m2/repository/org/skyscreamer/jsonassert/1.5.3/jsonassert-1.5.3.jar:/home/yoshwa/.m2/repository/com/vaadin/external/google/android-json/0.0.20131108.vaadin1/android-json-0.0.20131108.vaadin1.jar:/home/yoshwa/.m2/repository/org/springframework/spring-core/6.2.2/spring-core-6.2.2.jar:/home/yoshwa/.m2/repository/org/springframework/spring-jcl/6.2.2/spring-jcl-6.2.2.jar:/home/yoshwa/.m2/repository/org/springframework/spring-test/6.2.2/spring-test-6.2.2.jar:/home/yoshwa/.m2/repository/org/xmlunit/xmlunit-core/2.10.0/xmlunit-core-2.10.0.jar:"/>
    <property name="sun.cpu.endian" value="little"/>
    <property name="user.home" value="/home/yoshwa"/>
    <property name="user.language" value="en"/>
    <property name="java.specification.vendor" value="Oracle Corporation"/>
    <property name="java.version.date" value="2025-01-21"/>
    <property name="java.home" value="/usr/lib/jvm/java-17-openjdk-amd64"/>
    <property name="file.separator" value="/"/>
    <property name="basedir" value="/home/yoshwa/Downloads/nfc-rental (5)/nfc-rental"/>
    <property name="java.vm.compressedOopsMode" value="Zero based"/>
    <property name="line.separator" value="&#10;"/>
    <property name="java.specification.name" value="Java Platform API Specification"/>
    <property name="java.vm.specification.vendor" value="Oracle Corporation"/>
    <property name="FILE_LOG_CHARSET" value="UTF-8"/>
    <property name="java.awt.headless" value="true"/>
    <property name="surefire.real.class.path" value="/home/yoshwa/Downloads/nfc-rental (5)/nfc-rental/target/surefire/surefirebooter-20250211002421368_3.jar"/>
    <property name="sun.management.compiler" value="HotSpot 64-Bit Tiered Compilers"/>
    <property name="java.runtime.version" value="17.0.14+7-Ubuntu-124.04"/>
    <property name="user.name" value="yoshwa"/>
    <property name="path.separator" value=":"/>
    <property name="os.version" value="6.8.0-52-generic"/>
    <property name="java.runtime.name" value="OpenJDK Runtime Environment"/>
    <property name="file.encoding" value="UTF-8"/>
    <property name="java.vm.name" value="OpenJDK 64-Bit Server VM"/>
    <property name="localRepository" value="/home/yoshwa/.m2/repository"/>
    <property name="java.vendor.url.bug" value="https://bugs.launchpad.net/ubuntu/+source/openjdk-17"/>
    <property name="java.io.tmpdir" value="/tmp"/>
    <property name="java.version" value="17.0.14"/>
    <property name="user.dir" value="/home/yoshwa/Downloads/nfc-rental (5)/nfc-rental"/>
    <property name="os.arch" value="amd64"/>
    <property name="java.vm.specification.name" value="Java Virtual Machine Specification"/>
    <property name="PID" value="26324"/>
    <property name="CONSOLE_LOG_CHARSET" value="UTF-8"/>
    <property name="native.encoding" value="UTF-8"/>
    <property name="java.library.path" value="/usr/java/packages/lib:/usr/lib/x86_64-linux-gnu/jni:/lib/x86_64-linux-gnu:/usr/lib/x86_64-linux-gnu:/usr/lib/jni:/lib:/usr/lib"/>
    <property name="java.vm.info" value="mixed mode, sharing"/>
    <property name="java.vendor" value="Ubuntu"/>
    <property name="java.vm.version" value="17.0.14+7-Ubuntu-124.04"/>
    <property name="java.specification.maintenance.version" value="1"/>
    <property name="sun.io.unicode.encoding" value="UnicodeLittle"/>
    <property name="java.class.version" value="61.0"/>
    <property name="LOGGED_APPLICATION_NAME" value="[testing] "/>
  </properties>
  <testcase name="contextLoads" classname="com.example.mongo.backend.NfcRentalApplicationTests" time="0.824">
    <system-out><![CDATA[00:24:22.247 [main] INFO org.springframework.test.context.support.AnnotationConfigContextLoaderUtils -- Could not detect default configuration classes for test class [com.example.mongo.backend.NfcRentalApplicationTests]: NfcRentalApplicationTests does not declare any static, non-private, non-final, nested classes annotated with @Configuration.
00:24:22.378 [main] INFO org.springframework.boot.test.context.SpringBootTestContextBootstrapper -- Found @SpringBootConfiguration com.example.mongo.backend.NfcRentalApplication for test class com.example.mongo.backend.NfcRentalApplicationTests

  .   ____          _            __ _ _
 /\\ / ___'_ __ _ _(_)_ __  __ _ \ \ \ \
( ( )\___ | '_ | '_| | '_ \/ _` | \ \ \ \
 \\/  ___)| |_)| | | | | || (_| |  ) ) ) )
  '  |____| .__|_| |_|_| |_\__, | / / / /
 =========|_|==============|___/=/_/_/_/

 :: Spring Boot ::                (v3.4.2)

2025-02-11T00:24:22.907+05:30  INFO 26324 --- [testing] [           main] c.e.m.backend.NfcRentalApplicationTests  : Starting NfcRentalApplicationTests using Java 17.0.14 with PID 26324 (started by yoshwa in /home/yoshwa/Downloads/nfc-rental (5)/nfc-rental)
2025-02-11T00:24:22.910+05:30  INFO 26324 --- [testing] [           main] c.e.m.backend.NfcRentalApplicationTests  : No active profile set, falling back to 1 default profile: "default"
2025-02-11T00:24:23.604+05:30  INFO 26324 --- [testing] [           main] .s.d.r.c.RepositoryConfigurationDelegate : Bootstrapping Spring Data MongoDB repositories in DEFAULT mode.
2025-02-11T00:24:23.671+05:30  INFO 26324 --- [testing] [           main] .s.d.r.c.RepositoryConfigurationDelegate : Finished Spring Data repository scanning in 58 ms. Found 1 MongoDB repository interface.
2025-02-11T00:24:24.163+05:30  INFO 26324 --- [testing] [3ve.mongodb.net] org.mongodb.driver.cluster               : Adding discovered server cluster0-shard-00-02.j23ve.mongodb.net:27017 to client view of cluster
2025-02-11T00:24:24.192+05:30  INFO 26324 --- [testing] [           main] org.mongodb.driver.client                : MongoClient with metadata {"application": {"name": "Cluster0"}, "driver": {"name": "mongo-java-driver|sync|spring-boot", "version": "5.2.1"}, "os": {"type": "Linux", "name": "Linux", "architecture": "amd64", "version": "6.8.0-52-generic"}, "platform": "Java/Ubuntu/17.0.14+7-Ubuntu-124.04"} created with settings MongoClientSettings{readPreference=primary, writeConcern=WriteConcern{w=majority, wTimeout=null ms, journal=null}, retryWrites=true, retryReads=true, readConcern=ReadConcern{level=null}, credential=MongoCredential{mechanism=null, userName='ryoshwaa', source='admin', password=<hidden>, mechanismProperties=<hidden>}, transportSettings=null, commandListeners=[], codecRegistry=ProvidersCodecRegistry{codecProviders=[ValueCodecProvider{}, BsonValueCodecProvider{}, DBRefCodecProvider{}, DBObjectCodecProvider{}, DocumentCodecProvider{}, CollectionCodecProvider{}, IterableCodecProvider{}, MapCodecProvider{}, GeoJsonCodecProvider{}, GridFSFileCodecProvider{}, Jsr310CodecProvider{}, JsonObjectCodecProvider{}, BsonCodecProvider{}, EnumCodecProvider{}, com.mongodb.client.model.mql.ExpressionCodecProvider@30c3ae63, com.mongodb.Jep395RecordCodecProvider@58658f63, com.mongodb.KotlinCodecProvider@54e12f4c]}, loggerSettings=LoggerSettings{maxDocumentLength=1000}, clusterSettings={hosts=[127.0.0.1:27017], srvHost=cluster0.j23ve.mongodb.net, srvServiceName=mongodb, mode=MULTIPLE, requiredClusterType=REPLICA_SET, requiredReplicaSetName='atlas-k4zzzb-shard-0', serverSelector='null', clusterListeners='[]', serverSelectionTimeout='30000 ms', localThreshold='15 ms'}, socketSettings=SocketSettings{connectTimeoutMS=10000, readTimeoutMS=0, receiveBufferSize=0, proxySettings=ProxySettings{host=null, port=null, username=null, password=null}}, heartbeatSocketSettings=SocketSettings{connectTimeoutMS=10000, readTimeoutMS=10000, receiveBufferSize=0, proxySettings=ProxySettings{host=null, port=null, username=null, password=null}}, connectionPoolSettings=ConnectionPoolSettings{maxSize=100, minSize=0, maxWaitTimeMS=120000, maxConnectionLifeTimeMS=0, maxConnectionIdleTimeMS=0, maintenanceInitialDelayMS=0, maintenanceFrequencyMS=60000, connectionPoolListeners=[], maxConnecting=2}, serverSettings=ServerSettings{heartbeatFrequencyMS=10000, minHeartbeatFrequencyMS=500, serverMonitoringMode=AUTO, serverListeners='[]', serverMonitorListeners='[]'}, sslSettings=SslSettings{enabled=true, invalidHostNameAllowed=false, context=null}, applicationName='Cluster0', compressorList=[], uuidRepresentation=JAVA_LEGACY, serverApi=null, autoEncryptionSettings=null, dnsClient=null, inetAddressResolver=null, contextProvider=null, timeoutMS=null}
2025-02-11T00:24:24.202+05:30  INFO 26324 --- [testing] [3ve.mongodb.net] org.mongodb.driver.cluster               : Adding discovered server cluster0-shard-00-01.j23ve.mongodb.net:27017 to client view of cluster
2025-02-11T00:24:24.207+05:30  INFO 26324 --- [testing] [3ve.mongodb.net] org.mongodb.driver.cluster               : Adding discovered server cluster0-shard-00-00.j23ve.mongodb.net:27017 to client view of cluster
2025-02-11T00:24:24.726+05:30  INFO 26324 --- [testing] [           main] o.s.b.a.w.s.WelcomePageHandlerMapping    : Adding welcome page: class path resource [static/index.html]
2025-02-11T00:24:24.835+05:30  INFO 26324 --- [testing] [ngodb.net:27017] org.mongodb.driver.cluster               : Monitor thread successfully connected to server with description ServerDescription{address=cluster0-shard-00-02.j23ve.mongodb.net:27017, type=REPLICA_SET_SECONDARY, cryptd=false, state=CONNECTED, ok=true, minWireVersion=0, maxWireVersion=25, maxDocumentSize=16777216, logicalSessionTimeoutMinutes=30, roundTripTimeNanos=338912967, minRoundTripTimeNanos=0, setName='atlas-k4zzzb-shard-0', canonicalAddress=cluster0-shard-00-02.j23ve.mongodb.net:27017, hosts=[cluster0-shard-00-02.j23ve.mongodb.net:27017, cluster0-shard-00-01.j23ve.mongodb.net:27017, cluster0-shard-00-00.j23ve.mongodb.net:27017], passives=[], arbiters=[], primary='cluster0-shard-00-01.j23ve.mongodb.net:27017', tagSet=TagSet{[Tag{name='availabilityZone', value='aps1-az2'}, Tag{name='diskState', value='READY'}, Tag{name='nodeType', value='ELECTABLE'}, Tag{name='provider', value='AWS'}, Tag{name='region', value='AP_SOUTH_1'}, Tag{name='workloadType', value='OPERATIONAL'}]}, electionId=null, setVersion=212, topologyVersion=TopologyVersion{processId=67a9147d3be0cc86cfb54637, counter=3}, lastWriteDate=Tue Feb 11 00:24:24 IST 2025, lastUpdateTimeNanos=2719154440496}
2025-02-11T00:24:24.835+05:30  INFO 26324 --- [testing] [ngodb.net:27017] org.mongodb.driver.cluster               : Monitor thread successfully connected to server with description ServerDescription{address=cluster0-shard-00-01.j23ve.mongodb.net:27017, type=REPLICA_SET_PRIMARY, cryptd=false, state=CONNECTED, ok=true, minWireVersion=0, maxWireVersion=25, maxDocumentSize=16777216, logicalSessionTimeoutMinutes=30, roundTripTimeNanos=344686551, minRoundTripTimeNanos=0, setName='atlas-k4zzzb-shard-0', canonicalAddress=cluster0-shard-00-01.j23ve.mongodb.net:27017, hosts=[cluster0-shard-00-02.j23ve.mongodb.net:27017, cluster0-shard-00-01.j23ve.mongodb.net:27017, cluster0-shard-00-00.j23ve.mongodb.net:27017], passives=[], arbiters=[], primary='cluster0-shard-00-01.j23ve.mongodb.net:27017', tagSet=TagSet{[Tag{name='availabilityZone', value='aps1-az3'}, Tag{name='diskState', value='READY'}, Tag{name='nodeType', value='ELECTABLE'}, Tag{name='provider', value='AWS'}, Tag{name='region', value='AP_SOUTH_1'}, Tag{name='workloadType', value='OPERATIONAL'}]}, electionId=7fffffff00000000000000bd, setVersion=212, topologyVersion=TopologyVersion{processId=67a9121add6a139bf483888e, counter=6}, lastWriteDate=Tue Feb 11 00:24:24 IST 2025, lastUpdateTimeNanos=2719154440541}
2025-02-11T00:24:24.835+05:30  INFO 26324 --- [testing] [ngodb.net:27017] org.mongodb.driver.cluster               : Monitor thread successfully connected to server with description ServerDescription{address=cluster0-shard-00-00.j23ve.mongodb.net:27017, type=REPLICA_SET_SECONDARY, cryptd=false, state=CONNECTED, ok=true, minWireVersion=0, maxWireVersion=25, maxDocumentSize=16777216, logicalSessionTimeoutMinutes=30, roundTripTimeNanos=287762990, minRoundTripTimeNanos=0, setName='atlas-k4zzzb-shard-0', canonicalAddress=cluster0-shard-00-00.j23ve.mongodb.net:27017, hosts=[cluster0-shard-00-02.j23ve.mongodb.net:27017, cluster0-shard-00-01.j23ve.mongodb.net:27017, cluster0-shard-00-00.j23ve.mongodb.net:27017], passives=[], arbiters=[], primary='cluster0-shard-00-01.j23ve.mongodb.net:27017', tagSet=TagSet{[Tag{name='availabilityZone', value='aps1-az1'}, Tag{name='diskState', value='READY'}, Tag{name='nodeType', value='ELECTABLE'}, Tag{name='provider', value='AWS'}, Tag{name='region', value='AP_SOUTH_1'}, Tag{name='workloadType', value='OPERATIONAL'}]}, electionId=null, setVersion=212, topologyVersion=TopologyVersion{processId=67a912db243a9172baaff902, counter=4}, lastWriteDate=Tue Feb 11 00:24:24 IST 2025, lastUpdateTimeNanos=2719154440647}
2025-02-11T00:24:24.839+05:30  INFO 26324 --- [testing] [ngodb.net:27017] org.mongodb.driver.cluster               : Discovered replica set primary cluster0-shard-00-01.j23ve.mongodb.net:27017 with max election id 7fffffff00000000000000bd and max set version 212
2025-02-11T00:24:25.125+05:30  INFO 26324 --- [testing] [           main] c.e.m.backend.NfcRentalApplicationTests  : Started NfcRentalApplicationTests in 2.586 seconds (process running for 3.695)
]]></system-out>
  </testcase>
</testsuite>